D:\Visual Studio\VS2022\MSBuild\Microsoft\VC\v170\Microsoft.CppBuild.targets(531,5): warning MSB8028: The intermediate directory (x64\Debug\) contains files shared from another project (OSISP3.vcxproj).  This can lead to incorrect clean and rebuild behavior.
  OSISP5.cpp
C:\Users\anton\source\repos\OSISP5\OSISP3\OSISP5.cpp(35,50): warning C4267: 'argument': conversion from 'size_t' to 'int', possible loss of data
C:\Users\anton\source\repos\OSISP5\OSISP3\OSISP5.cpp(44,61): warning C4267: 'argument': conversion from 'size_t' to 'int', possible loss of data
C:\Users\anton\source\repos\OSISP5\OSISP3\OSISP5.cpp(66,53): warning C4267: 'argument': conversion from 'size_t' to 'int', possible loss of data
C:\Users\anton\source\repos\OSISP5\OSISP3\OSISP5.cpp(75,62): warning C4267: 'argument': conversion from 'size_t' to 'int', possible loss of data
C:\Users\anton\source\repos\OSISP5\OSISP3\OSISP5.cpp(84,61): warning C4267: 'argument': conversion from 'size_t' to 'int', possible loss of data
C:\Users\anton\source\repos\OSISP5\OSISP3\OSISP5.cpp(326,16): warning C4566: character represented by universal-character-name '\u041E' cannot be represented in the current code page (1252)
C:\Users\anton\source\repos\OSISP5\OSISP3\OSISP5.cpp(326,16): warning C4566: character represented by universal-character-name '\u0448' cannot be represented in the current code page (1252)
C:\Users\anton\source\repos\OSISP5\OSISP3\OSISP5.cpp(326,16): warning C4566: character represented by universal-character-name '\u0438' cannot be represented in the current code page (1252)
C:\Users\anton\source\repos\OSISP5\OSISP3\OSISP5.cpp(326,16): warning C4566: character represented by universal-character-name '\u0431' cannot be represented in the current code page (1252)
C:\Users\anton\source\repos\OSISP5\OSISP3\OSISP5.cpp(326,16): warning C4566: character represented by universal-character-name '\u043A' cannot be represented in the current code page (1252)
C:\Users\anton\source\repos\OSISP5\OSISP3\OSISP5.cpp(326,16): warning C4566: character represented by universal-character-name '\u0430' cannot be represented in the current code page (1252)
C:\Users\anton\source\repos\OSISP5\OSISP3\OSISP5.cpp(326,16): warning C4566: character represented by universal-character-name '\u0441' cannot be represented in the current code page (1252)
C:\Users\anton\source\repos\OSISP5\OSISP3\OSISP5.cpp(326,16): warning C4566: character represented by universal-character-name '\u043E' cannot be represented in the current code page (1252)
C:\Users\anton\source\repos\OSISP5\OSISP3\OSISP5.cpp(326,16): warning C4566: character represented by universal-character-name '\u0437' cannot be represented in the current code page (1252)
C:\Users\anton\source\repos\OSISP5\OSISP3\OSISP5.cpp(326,16): warning C4566: character represented by universal-character-name '\u0434' cannot be represented in the current code page (1252)
C:\Users\anton\source\repos\OSISP5\OSISP3\OSISP5.cpp(326,16): warning C4566: character represented by universal-character-name '\u043D' cannot be represented in the current code page (1252)
C:\Users\anton\source\repos\OSISP5\OSISP3\OSISP5.cpp(326,16): warning C4566: character represented by universal-character-name '\u044F' cannot be represented in the current code page (1252)
C:\Users\anton\source\repos\OSISP5\OSISP3\OSISP5.cpp(326,16): warning C4566: character represented by universal-character-name '\u0435' cannot be represented in the current code page (1252)
C:\Users\anton\source\repos\OSISP5\OSISP3\OSISP5.cpp(326,16): warning C4566: character represented by universal-character-name '\u0442' cannot be represented in the current code page (1252)
C:\Users\anton\source\repos\OSISP5\OSISP3\OSISP5.cpp(338,16): warning C4566: character represented by universal-character-name '\u041E' cannot be represented in the current code page (1252)
C:\Users\anton\source\repos\OSISP5\OSISP3\OSISP5.cpp(338,16): warning C4566: character represented by universal-character-name '\u0448' cannot be represented in the current code page (1252)
C:\Users\anton\source\repos\OSISP5\OSISP3\OSISP5.cpp(338,16): warning C4566: character represented by universal-character-name '\u0438' cannot be represented in the current code page (1252)
C:\Users\anton\source\repos\OSISP5\OSISP3\OSISP5.cpp(338,16): warning C4566: character represented by universal-character-name '\u0431' cannot be represented in the current code page (1252)
C:\Users\anton\source\repos\OSISP5\OSISP3\OSISP5.cpp(338,16): warning C4566: character represented by universal-character-name '\u043A' cannot be represented in the current code page (1252)
C:\Users\anton\source\repos\OSISP5\OSISP3\OSISP5.cpp(338,16): warning C4566: character represented by universal-character-name '\u0430' cannot be represented in the current code page (1252)
C:\Users\anton\source\repos\OSISP5\OSISP3\OSISP5.cpp(338,16): warning C4566: character represented by universal-character-name '\u043F' cannot be represented in the current code page (1252)
C:\Users\anton\source\repos\OSISP5\OSISP3\OSISP5.cpp(338,16): warning C4566: character represented by universal-character-name '\u0440' cannot be represented in the current code page (1252)
C:\Users\anton\source\repos\OSISP5\OSISP3\OSISP5.cpp(338,16): warning C4566: character represented by universal-character-name '\u0432' cannot be represented in the current code page (1252)
C:\Users\anton\source\repos\OSISP5\OSISP3\OSISP5.cpp(338,16): warning C4566: character represented by universal-character-name '\u044F' cannot be represented in the current code page (1252)
C:\Users\anton\source\repos\OSISP5\OSISP3\OSISP5.cpp(338,16): warning C4566: character represented by universal-character-name '\u0437' cannot be represented in the current code page (1252)
C:\Users\anton\source\repos\OSISP5\OSISP3\OSISP5.cpp(338,16): warning C4566: character represented by universal-character-name '\u0441' cannot be represented in the current code page (1252)
C:\Users\anton\source\repos\OSISP5\OSISP3\OSISP5.cpp(338,16): warning C4566: character represented by universal-character-name '\u043E' cannot be represented in the current code page (1252)
C:\Users\anton\source\repos\OSISP5\OSISP3\OSISP5.cpp(338,16): warning C4566: character represented by universal-character-name '\u0435' cannot be represented in the current code page (1252)
C:\Users\anton\source\repos\OSISP5\OSISP3\OSISP5.cpp(338,16): warning C4566: character represented by universal-character-name '\u0442' cannot be represented in the current code page (1252)
C:\Users\anton\source\repos\OSISP5\OSISP3\OSISP5.cpp(346,16): warning C4566: character represented by universal-character-name '\u041E' cannot be represented in the current code page (1252)
C:\Users\anton\source\repos\OSISP5\OSISP3\OSISP5.cpp(346,16): warning C4566: character represented by universal-character-name '\u0448' cannot be represented in the current code page (1252)
C:\Users\anton\source\repos\OSISP5\OSISP3\OSISP5.cpp(346,16): warning C4566: character represented by universal-character-name '\u0438' cannot be represented in the current code page (1252)
C:\Users\anton\source\repos\OSISP5\OSISP3\OSISP5.cpp(346,16): warning C4566: character represented by universal-character-name '\u0431' cannot be represented in the current code page (1252)
C:\Users\anton\source\repos\OSISP5\OSISP3\OSISP5.cpp(346,16): warning C4566: character represented by universal-character-name '\u043A' cannot be represented in the current code page (1252)
C:\Users\anton\source\repos\OSISP5\OSISP3\OSISP5.cpp(346,16): warning C4566: character represented by universal-character-name '\u0430' cannot be represented in the current code page (1252)
C:\Users\anton\source\repos\OSISP5\OSISP3\OSISP5.cpp(346,16): warning C4566: character represented by universal-character-name '\u043F' cannot be represented in the current code page (1252)
C:\Users\anton\source\repos\OSISP5\OSISP3\OSISP5.cpp(346,16): warning C4566: character represented by universal-character-name '\u0440' cannot be represented in the current code page (1252)
C:\Users\anton\source\repos\OSISP5\OSISP3\OSISP5.cpp(346,16): warning C4566: character represented by universal-character-name '\u043E' cannot be represented in the current code page (1252)
C:\Users\anton\source\repos\OSISP5\OSISP3\OSISP5.cpp(346,16): warning C4566: character represented by universal-character-name '\u0441' cannot be represented in the current code page (1252)
C:\Users\anton\source\repos\OSISP5\OSISP3\OSISP5.cpp(346,16): warning C4566: character represented by universal-character-name '\u043B' cannot be represented in the current code page (1252)
C:\Users\anton\source\repos\OSISP5\OSISP3\OSISP5.cpp(346,16): warning C4566: character represented by universal-character-name '\u0443' cannot be represented in the current code page (1252)
C:\Users\anton\source\repos\OSISP5\OSISP3\OSISP5.cpp(346,16): warning C4566: character represented by universal-character-name '\u0432' cannot be represented in the current code page (1252)
C:\Users\anton\source\repos\OSISP5\OSISP3\OSISP5.cpp(346,16): warning C4566: character represented by universal-character-name '\u043D' cannot be represented in the current code page (1252)
C:\Users\anton\source\repos\OSISP5\OSISP3\OSISP5.cpp(346,16): warning C4566: character represented by universal-character-name '\u044F' cannot be represented in the current code page (1252)
C:\Users\anton\source\repos\OSISP5\OSISP3\OSISP5.cpp(346,16): warning C4566: character represented by universal-character-name '\u0435' cannot be represented in the current code page (1252)
C:\Users\anton\source\repos\OSISP5\OSISP3\OSISP5.cpp(346,16): warning C4566: character represented by universal-character-name '\u0442' cannot be represented in the current code page (1252)
C:\Users\anton\source\repos\OSISP5\OSISP3\OSISP5.cpp(362,17): warning C4566: character represented by universal-character-name '\u041E' cannot be represented in the current code page (1252)
C:\Users\anton\source\repos\OSISP5\OSISP3\OSISP5.cpp(362,17): warning C4566: character represented by universal-character-name '\u0448' cannot be represented in the current code page (1252)
C:\Users\anton\source\repos\OSISP5\OSISP3\OSISP5.cpp(362,17): warning C4566: character represented by universal-character-name '\u0438' cannot be represented in the current code page (1252)
C:\Users\anton\source\repos\OSISP5\OSISP3\OSISP5.cpp(362,17): warning C4566: character represented by universal-character-name '\u0431' cannot be represented in the current code page (1252)
C:\Users\anton\source\repos\OSISP5\OSISP3\OSISP5.cpp(362,17): warning C4566: character represented by universal-character-name '\u043A' cannot be represented in the current code page (1252)
C:\Users\anton\source\repos\OSISP5\OSISP3\OSISP5.cpp(362,17): warning C4566: character represented by universal-character-name '\u0430' cannot be represented in the current code page (1252)
C:\Users\anton\source\repos\OSISP5\OSISP3\OSISP5.cpp(362,17): warning C4566: character represented by universal-character-name '\u043F' cannot be represented in the current code page (1252)
C:\Users\anton\source\repos\OSISP5\OSISP3\OSISP5.cpp(362,17): warning C4566: character represented by universal-character-name '\u043E' cannot be represented in the current code page (1252)
C:\Users\anton\source\repos\OSISP5\OSISP3\OSISP5.cpp(362,17): warning C4566: character represented by universal-character-name '\u0434' cannot be represented in the current code page (1252)
C:\Users\anton\source\repos\OSISP5\OSISP3\OSISP5.cpp(362,17): warning C4566: character represented by universal-character-name '\u043B' cannot be represented in the current code page (1252)
C:\Users\anton\source\repos\OSISP5\OSISP3\OSISP5.cpp(362,17): warning C4566: character represented by universal-character-name '\u044E' cannot be represented in the current code page (1252)
C:\Users\anton\source\repos\OSISP5\OSISP3\OSISP5.cpp(362,17): warning C4566: character represented by universal-character-name '\u0447' cannot be represented in the current code page (1252)
C:\Users\anton\source\repos\OSISP5\OSISP3\OSISP5.cpp(362,17): warning C4566: character represented by universal-character-name '\u0435' cannot be represented in the current code page (1252)
C:\Users\anton\source\repos\OSISP5\OSISP3\OSISP5.cpp(362,17): warning C4566: character represented by universal-character-name '\u043D' cannot be represented in the current code page (1252)
C:\Users\anton\source\repos\OSISP5\OSISP3\OSISP5.cpp(362,17): warning C4566: character represented by universal-character-name '\u044F' cannot be represented in the current code page (1252)
C:\Users\anton\source\repos\OSISP5\OSISP3\OSISP5.cpp(362,17): warning C4566: character represented by universal-character-name '\u0442' cannot be represented in the current code page (1252)
C:\Users\anton\source\repos\OSISP5\OSISP3\OSISP5.cpp(368,17): warning C4566: character represented by universal-character-name '\u041F' cannot be represented in the current code page (1252)
C:\Users\anton\source\repos\OSISP5\OSISP3\OSISP5.cpp(368,17): warning C4566: character represented by universal-character-name '\u0440' cannot be represented in the current code page (1252)
C:\Users\anton\source\repos\OSISP5\OSISP3\OSISP5.cpp(368,17): warning C4566: character represented by universal-character-name '\u0435' cannot be represented in the current code page (1252)
C:\Users\anton\source\repos\OSISP5\OSISP3\OSISP5.cpp(368,17): warning C4566: character represented by universal-character-name '\u0432' cannot be represented in the current code page (1252)
C:\Users\anton\source\repos\OSISP5\OSISP3\OSISP5.cpp(368,17): warning C4566: character represented by universal-character-name '\u044B' cannot be represented in the current code page (1252)
C:\Users\anton\source\repos\OSISP5\OSISP3\OSISP5.cpp(368,17): warning C4566: character represented by universal-character-name '\u0448' cannot be represented in the current code page (1252)
C:\Users\anton\source\repos\OSISP5\OSISP3\OSISP5.cpp(368,17): warning C4566: character represented by universal-character-name '\u043D' cannot be represented in the current code page (1252)
C:\Users\anton\source\repos\OSISP5\OSISP3\OSISP5.cpp(368,17): warning C4566: character represented by universal-character-name '\u043B' cannot be represented in the current code page (1252)
C:\Users\anton\source\repos\OSISP5\OSISP3\OSISP5.cpp(368,17): warning C4566: character represented by universal-character-name '\u0438' cannot be represented in the current code page (1252)
C:\Users\anton\source\repos\OSISP5\OSISP3\OSISP5.cpp(368,17): warning C4566: character represented by universal-character-name '\u043C' cannot be represented in the current code page (1252)
C:\Users\anton\source\repos\OSISP5\OSISP3\OSISP5.cpp(368,17): warning C4566: character represented by universal-character-name '\u0442' cannot be represented in the current code page (1252)
C:\Users\anton\source\repos\OSISP5\OSISP3\OSISP5.cpp(368,17): warning C4566: character represented by universal-character-name '\u043A' cannot be represented in the current code page (1252)
C:\Users\anton\source\repos\OSISP5\OSISP3\OSISP5.cpp(368,17): warning C4566: character represented by universal-character-name '\u043E' cannot be represented in the current code page (1252)
C:\Users\anton\source\repos\OSISP5\OSISP3\OSISP5.cpp(381,17): warning C4566: character represented by universal-character-name '\u041E' cannot be represented in the current code page (1252)
C:\Users\anton\source\repos\OSISP5\OSISP3\OSISP5.cpp(381,17): warning C4566: character represented by universal-character-name '\u0448' cannot be represented in the current code page (1252)
C:\Users\anton\source\repos\OSISP5\OSISP3\OSISP5.cpp(381,17): warning C4566: character represented by universal-character-name '\u0438' cannot be represented in the current code page (1252)
C:\Users\anton\source\repos\OSISP5\OSISP3\OSISP5.cpp(381,17): warning C4566: character represented by universal-character-name '\u0431' cannot be represented in the current code page (1252)
C:\Users\anton\source\repos\OSISP5\OSISP3\OSISP5.cpp(381,17): warning C4566: character represented by universal-character-name '\u043A' cannot be represented in the current code page (1252)
C:\Users\anton\source\repos\OSISP5\OSISP3\OSISP5.cpp(381,17): warning C4566: character represented by universal-character-name '\u0430' cannot be represented in the current code page (1252)
C:\Users\anton\source\repos\OSISP5\OSISP3\OSISP5.cpp(381,17): warning C4566: character represented by universal-character-name '\u0441' cannot be represented in the current code page (1252)
C:\Users\anton\source\repos\OSISP5\OSISP3\OSISP5.cpp(381,17): warning C4566: character represented by universal-character-name '\u043E' cannot be represented in the current code page (1252)
C:\Users\anton\source\repos\OSISP5\OSISP3\OSISP5.cpp(381,17): warning C4566: character represented by universal-character-name '\u0437' cannot be represented in the current code page (1252)
C:\Users\anton\source\repos\OSISP5\OSISP3\OSISP5.cpp(381,17): warning C4566: character represented by universal-character-name '\u0434' cannot be represented in the current code page (1252)
C:\Users\anton\source\repos\OSISP5\OSISP3\OSISP5.cpp(381,17): warning C4566: character represented by universal-character-name '\u043D' cannot be represented in the current code page (1252)
C:\Users\anton\source\repos\OSISP5\OSISP3\OSISP5.cpp(381,17): warning C4566: character represented by universal-character-name '\u044F' cannot be represented in the current code page (1252)
C:\Users\anton\source\repos\OSISP5\OSISP3\OSISP5.cpp(381,17): warning C4566: character represented by universal-character-name '\u043F' cannot be represented in the current code page (1252)
C:\Users\anton\source\repos\OSISP5\OSISP3\OSISP5.cpp(381,17): warning C4566: character represented by universal-character-name '\u0442' cannot be represented in the current code page (1252)
C:\Users\anton\source\repos\OSISP5\OSISP3\OSISP5.cpp(381,17): warning C4566: character represented by universal-character-name '\u043B' cannot be represented in the current code page (1252)
C:\Users\anton\source\repos\OSISP5\OSISP3\OSISP5.cpp(381,17): warning C4566: character represented by universal-character-name '\u0435' cannot be represented in the current code page (1252)
  OSISP3.vcxproj -> C:\Users\anton\source\repos\OSISP5\x64\Debug\OSISP5.exe
